[2024-09-26 22:28:52,540] 22 root - INFO - Data ingestion started
[2024-09-26 22:28:52,658] 25 root - INFO - Reading data frame
[2024-09-26 22:28:53,343] 28 root - INFO - Raw dataset is saved in artifact folder
[2024-09-26 22:28:53,366] 30 root - INFO - Train test split is completed
[2024-09-26 22:28:54,057] 33 root - INFO - Data ingestion part completed
[2024-09-26 22:28:54,201] 67 root - INFO - Reading train and test data completed
[2024-09-26 22:28:54,205] 68 root - INFO - Train Dataframe Head: 
       id  carat        cut color clarity  depth  table     x     y     z  price
0   89550   0.41      Ideal     H     VS1   61.7   56.0  4.77  4.78  2.95    831
1   19949   1.02      Ideal     D     SI1   62.0   57.0  6.46  6.48  4.02   5967
2  114660   1.01       Good     F     SI1   64.0   58.0  6.33  6.29  4.04   4107
3  104801   0.90  Very Good     E     VS2   62.4   60.0  6.14  6.20  3.85   4770
4   82723   0.55      Ideal     G     VS1   60.8   56.0  5.28  5.30  3.22   2039
[2024-09-26 22:28:54,207] 69 root - INFO - Test Dataframe Head: 
       id  carat        cut color clarity  depth  table     x     y     z  price
0   74839   1.00  Very Good     E     VS2   61.8   58.0  6.37  6.42  3.95   6737
1  105881   1.51  Very Good     I     VS1   60.1   63.0  7.35  7.40  4.44  10556
2    8967   0.70  Very Good     H     SI2   62.3   55.0  5.71  5.74  3.56   2066
3    7523   0.40  Very Good     G     SI1   62.5   60.0  4.65  4.68  2.91    803
4  166929   0.31  Very Good     E     SI1   63.1   57.0  4.32  4.29  2.72    698
[2024-09-26 22:28:54,207] 25 root - INFO - Data transformation initiated
[2024-09-26 22:28:54,207] 34 root - INFO - Pipeline initiated
[2024-09-26 22:28:54,409] 85 root - INFO - Applying preprocessing object on training and testing datasets
[2024-09-26 22:28:54,415] 103 root - INFO - Exception occurred in initialize_data_transformation
