[2024-09-26 22:09:45,831] 22 root - INFO - Data ingestion started
[2024-09-26 22:09:45,951] 25 root - INFO - Reading data frame
[2024-09-26 22:09:46,667] 28 root - INFO - Raw dataset is saved in artifact folder
[2024-09-26 22:09:46,693] 30 root - INFO - Train test split is completed
[2024-09-26 22:09:47,443] 33 root - INFO - Data ingestion part completed
[2024-09-26 22:09:47,601] 69 root - INFO - Reading train and test data completed
[2024-09-26 22:09:47,606] 70 root - INFO - Train Dataframe Head : 
       id  carat        cut color clarity  depth  table     x     y     z  price
0   46938   0.90  Very Good     F     SI2   62.2   55.0  6.11  6.15  3.82   3715
1   21753   2.00       Fair     I     SI1   66.3   52.0  7.80  7.76  5.20  12401
2  140439   0.50    Premium     G     SI1   62.1   59.0  5.12  5.06  3.16   1240
3   45932   0.51  Very Good     E     VS1   62.2   58.0  5.10  5.15  3.18   2260
4  161430   0.28      Ideal     I     VS1   62.0   54.0  4.20  4.22  2.62    391
[2024-09-26 22:09:47,608] 71 root - INFO - Test Dataframe Head : 
       id  carat        cut color clarity  depth  table     x     y     z  price
0   34750   2.01  Very Good     F     SI2   59.0   62.0  8.14  8.17  4.83  15919
1  182214   2.01      Ideal     H     SI1   62.5   55.0  8.07  8.03  5.04  16240
2   22424   0.72  Very Good     J     VS1   63.1   57.0  5.71  5.67  3.59   2066
3   45496   1.01    Premium     H     VS1   61.8   61.0  6.43  6.37  3.95   5294
4  190764   0.71      Ideal     G     VS1   61.3   56.0  5.73  5.77  3.53   2816
[2024-09-26 22:09:47,608] 107 root - INFO - Exception occured in initialize_data_transformation
