[2024-09-26 22:18:08,589] 22 root - INFO - Data ingestion started
[2024-09-26 22:18:08,715] 25 root - INFO - Reading data frame
[2024-09-26 22:18:09,419] 28 root - INFO - Raw dataset is saved in artifact folder
[2024-09-26 22:18:09,443] 30 root - INFO - Train test split is completed
[2024-09-26 22:18:10,148] 33 root - INFO - Data ingestion part completed
[2024-09-26 22:18:10,293] 69 root - INFO - Reading train and test data completed
[2024-09-26 22:18:10,298] 70 root - INFO - Train Dataframe Head : 
       id  carat      cut color clarity  depth  table     x     y     z  price
0  130826   0.40     Good     E     SI1   63.8   56.0  4.70  4.73  3.01    695
1   66732   0.32    Ideal     E    VVS2   61.2   57.0  4.42  4.44  2.71    842
2  103946   0.71    Ideal     F     SI1   61.7   55.0  5.76  5.79  3.56   2701
3  120766   0.30    Ideal     E     VS2   62.2   57.0  4.32  4.30  2.68   1013
4  121595   0.81  Premium     F     VS2   62.1   58.0  5.98  5.95  3.72   3378
[2024-09-26 22:18:10,300] 71 root - INFO - Test Dataframe Head : 
       id  carat      cut color clarity  depth  table     x     y     z  price
0  162109   0.90  Premium     E     SI2   62.1   57.0  6.21  6.14  3.83   4270
1  110218   1.20    Ideal     F     VS2   61.5   57.0  6.86  6.81  4.20   9547
2   47736   1.08    Ideal     F     SI2   62.7   57.0  6.55  6.51  4.10   4476
3   63556   0.59    Ideal     E     VS1   61.5   54.0  5.40  5.45  3.33   2379
4    4455   1.00  Premium     D     SI1   61.5   59.0  6.46  6.42  3.97   5951
[2024-09-26 22:18:10,300] 107 root - INFO - Exception occured in initialize_data_transformation
