[2024-09-26 22:15:32,817] 22 root - INFO - Data ingestion started
[2024-09-26 22:15:32,935] 25 root - INFO - Reading data frame
[2024-09-26 22:15:33,659] 28 root - INFO - Raw dataset is saved in artifact folder
[2024-09-26 22:15:33,682] 30 root - INFO - Train test split is completed
[2024-09-26 22:15:35,929] 33 root - INFO - Data ingestion part completed
[2024-09-26 22:15:36,077] 69 root - INFO - Reading train and test data completed
[2024-09-26 22:15:36,081] 70 root - INFO - Train Dataframe Head : 
       id  carat        cut color clarity  depth  table     x     y     z  price
0  110632   1.01    Premium     F     SI1   61.1   60.0  6.40  6.32  3.88   5090
1    8370   1.00  Very Good     E     SI2   61.8   59.0  6.33  6.40  3.93   4415
2  164023   0.30  Very Good     D     SI2   63.0   59.0  4.23  4.25  2.67    447
3   72281   0.30      Ideal     G     SI1   61.0   56.0  4.30  4.34  2.63    422
4  102340   1.03      Ideal     G    VVS2   62.7   57.0  6.43  6.40  4.01   7294
[2024-09-26 22:15:36,083] 71 root - INFO - Test Dataframe Head : 
       id  carat        cut color clarity  depth  table     x     y     z  price
0  181950   1.02      Ideal     E     SI1   61.6   55.0  6.46  6.50  3.98   6026
1   23000   0.26      Ideal     H    VVS1   62.2   57.0  4.06  4.10  2.54    440
2   76951   1.00  Very Good     H     SI2   62.9   59.0  6.34  6.39  4.00   4574
3  124717   0.30      Ideal     E    VVS1   62.1   56.0  4.27  4.29  2.66   1090
4  104510   0.54    Premium     D     VS2   60.3   59.0  5.32  5.26  3.19   2030
[2024-09-26 22:15:36,083] 107 root - INFO - Exception occured in initialize_data_transformation
