[2024-09-27 15:26:20,648] 22 root - INFO - Data ingestion started
[2024-09-27 15:26:20,771] 25 root - INFO - Reading data frame
[2024-09-27 15:26:21,520] 28 root - INFO - Raw dataset is saved in artifact folder
[2024-09-27 15:26:21,543] 30 root - INFO - Train test split is completed
[2024-09-27 15:26:22,284] 33 root - INFO - Data ingestion part completed
[2024-09-27 15:26:22,429] 67 root - INFO - Reading train and test data completed
[2024-09-27 15:26:22,432] 68 root - INFO - Train Dataframe Head: 
       id  carat        cut color clarity  depth  table     x     y     z  price
0   33438   0.36      Ideal     F    VVS1   61.6   56.0  4.60  4.57  2.83    943
1  161328   0.70       Good     G     SI1   58.7   60.0  5.73  5.75  3.37   2274
2  134918   0.50      Ideal     F    VVS2   62.6   57.0  5.09  5.05  3.17   2470
3   87439   0.70       Good     G     SI1   63.9   58.0  5.52  5.61  3.58   1875
4   31094   1.05  Very Good     G     SI1   63.1   56.0  6.49  6.45  4.08   4956
[2024-09-27 15:26:22,435] 69 root - INFO - Test Dataframe Head: 
       id  carat        cut color clarity  depth  table     x     y     z  price
0   15052   0.24      Ideal     D    VVS2   61.9   56.0  4.02  4.06  2.51    478
1  190081   1.51    Premium     E     VS2   61.6   60.0  7.33  7.37  4.52  14732
2  152117   0.91  Very Good     F     SI1   62.9   59.0  6.18  6.22  3.91   4939
3   96086   1.02  Very Good     E     VS1   62.1   60.0  6.46  6.42  4.00   7384
4   99973   0.32      Ideal     E     SI1   61.3   55.0  4.39  4.44  2.71    523
[2024-09-27 15:26:22,435] 25 root - INFO - Data transformation initiated
[2024-09-27 15:26:22,435] 34 root - INFO - Pipeline initiated
[2024-09-27 15:26:22,638] 85 root - INFO - Applying preprocessing object on training and testing datasets
[2024-09-27 15:26:22,646] 95 root - INFO - Preprocessing pickle file saved
[2024-09-27 15:26:22,651] 23 root - INFO - Splitting dependent and independent variables from train and test data
[2024-09-27 15:26:23,167] 41 root - INFO - Model Report : {'LinearRegression': 1.0, 'Lasso': 2.2436373746535942e-13, 'Ridge': 0.9999999908912984, 'ElasticNet': 0.6111352726636099}
[2024-09-27 15:26:23,167] 54 root - INFO - Best model is found, Model Name : LinearRegression, R2 Score : 1.0
[2024-09-27 15:26:23,168] 15 root - INFO - Evaluation started
[2024-09-27 15:26:23,174] 33 root - INFO - Model is registered
[2024-09-27 15:26:23,888] 21 root - INFO - Evaluation metrics captured
