[2024-09-27 15:20:48,158] 22 root - INFO - Data ingestion started
[2024-09-27 15:20:48,294] 25 root - INFO - Reading data frame
[2024-09-27 15:20:49,058] 28 root - INFO - Raw dataset is saved in artifact folder
[2024-09-27 15:20:49,085] 30 root - INFO - Train test split is completed
[2024-09-27 15:20:49,835] 33 root - INFO - Data ingestion part completed
[2024-09-27 15:20:49,997] 67 root - INFO - Reading train and test data completed
[2024-09-27 15:20:50,002] 68 root - INFO - Train Dataframe Head: 
       id  carat        cut color clarity  depth  table     x     y     z  price
0   77163   1.51    Premium     G     VS2   61.1   60.0  7.38  7.32  4.49  13312
1   58527   1.01       Good     F     VS1   63.9   56.0  6.33  6.28  4.04   6825
2  142324   1.34  Very Good     J     SI1   60.8   61.0  7.05  7.12  4.30   6746
3  117670   0.54  Very Good     D     SI1   61.6   58.0  5.18  5.25  3.21   1569
4  140298   0.32    Premium     G     VS2   62.4   58.0  4.38  4.34  2.72    561
[2024-09-27 15:20:50,004] 69 root - INFO - Test Dataframe Head: 
       id  carat        cut color clarity  depth  table     x     y     z  price
0  172766   0.71  Very Good     G     SI1   62.8   57.0  5.68  5.70  3.57   2170
1  152525   1.01    Premium     E     VS2   62.7   58.0  6.37  6.33  3.98   6340
2   36436   0.37    Premium     J     VS2   61.5   58.0  4.59  4.63  2.83    537
3  162008   1.73       Good     F     VS2   64.9   57.0  7.50  7.55  4.86  14691
4  100632   0.50      Ideal     E     VS2   62.2   55.0  5.08  5.11  3.17   1619
[2024-09-27 15:20:50,004] 25 root - INFO - Data transformation initiated
[2024-09-27 15:20:50,004] 34 root - INFO - Pipeline initiated
[2024-09-27 15:20:50,222] 85 root - INFO - Applying preprocessing object on training and testing datasets
[2024-09-27 15:20:50,231] 95 root - INFO - Preprocessing pickle file saved
[2024-09-27 15:20:50,236] 23 root - INFO - Splitting dependent and independent variables from train and test data
[2024-09-27 15:20:50,987] 41 root - INFO - Model Report : {'LinearRegression': 1.0, 'Lasso': 5.833851920063656e-13, 'Ridge': 0.9999999924875697, 'ElasticNet': 0.6101085647943129}
[2024-09-27 15:20:50,987] 54 root - INFO - Best model is found, Model Name : LinearRegression, R2 Score : 1.0
