[2024-09-26 22:25:08,641] 22 root - INFO - Data ingestion started
[2024-09-26 22:25:08,765] 25 root - INFO - Reading data frame
[2024-09-26 22:25:09,496] 28 root - INFO - Raw dataset is saved in artifact folder
[2024-09-26 22:25:09,519] 30 root - INFO - Train test split is completed
[2024-09-26 22:25:10,256] 33 root - INFO - Data ingestion part completed
[2024-09-26 22:25:10,407] 69 root - INFO - Reading train and test data completed
[2024-09-26 22:25:10,411] 70 root - INFO - Train Dataframe Head : 
       id  carat        cut color clarity  depth  table     x     y     z  price
0  147707   0.50    Premium     F     VS2   60.7   59.0  5.08  5.02  3.07   1446
1   61531   0.70    Premium     I     SI1   62.5   59.0  5.69  5.64  3.54   1790
2   31395   0.73  Very Good     F     SI2   62.6   57.0  5.72  5.78  3.60   2191
3   59041   0.71  Very Good     G     VS1   62.9   58.0  5.71  5.75  3.60   2577
4   92884   0.54      Ideal     E     SI1   61.7   55.0  5.20  5.23  3.22   1639
[2024-09-26 22:25:10,413] 71 root - INFO - Test Dataframe Head : 
       id  carat      cut color clarity  depth  table     x     y     z  price
0  143301   0.32  Premium     F     VS2   62.3   55.0  4.43  4.37  2.74    828
1   69845   0.54    Ideal     F     VS2   60.1   57.0  5.26  5.32  3.18   1754
2   47194   0.54     Good     E     VS2   59.9   61.0  5.30  5.26  3.16   1689
3   29381   0.50     Good     H     SI2   63.8   60.0  4.98  5.01  3.18    983
4   54300   0.30    Ideal     D    VVS2   62.3   55.0  4.27  4.29  2.67    814
[2024-09-26 22:25:10,413] 107 root - INFO - Exception occured in initialize_data_transformation
