[2024-09-26 22:22:21,270] 22 root - INFO - Data ingestion started
[2024-09-26 22:22:21,390] 25 root - INFO - Reading data frame
[2024-09-26 22:22:22,102] 28 root - INFO - Raw dataset is saved in artifact folder
[2024-09-26 22:22:22,125] 30 root - INFO - Train test split is completed
[2024-09-26 22:22:22,829] 33 root - INFO - Data ingestion part completed
[2024-09-26 22:22:22,977] 69 root - INFO - Reading train and test data completed
[2024-09-26 22:22:22,981] 70 root - INFO - Train Dataframe Head : 
       id  carat        cut color clarity  depth  table     x     y     z  price
0  190673   0.32      Ideal     G     SI2   61.8   55.0  4.42  4.39  2.72    413
1  179682   1.53    Premium     H     SI1   60.2   60.0  7.53  7.45  4.50  11455
2   74819   0.31  Very Good     D     SI2   63.5   55.0  4.31  4.28  2.74    489
3  155842   0.32    Premium     E     SI1   62.5   56.0  4.42  4.39  2.75    720
4  140921   0.53      Ideal     F     SI2   60.7   57.0  5.21  5.24  3.16   1259
[2024-09-26 22:22:22,983] 71 root - INFO - Test Dataframe Head : 
       id  carat        cut color clarity  depth  table     x     y     z  price
0   58936   1.21      Ideal     J     SI1   61.9   55.0  6.88  6.90  4.26   5376
1  127960   0.33      Ideal     G     VS2   61.5   57.0  4.42  4.45  2.73    743
2  191395   0.30  Very Good     G    VVS2   62.1   56.0  4.28  4.31  2.67    684
3   61336   1.54    Premium     F     SI2   63.0   57.0  7.33  7.28  4.64   9229
4   18426   0.90    Premium     F     VS2   60.2   56.0  6.16  6.12  3.70   4140
[2024-09-26 22:22:22,984] 107 root - INFO - Exception occured in initialize_data_transformation
