[2024-09-26 22:35:24,591] 22 root - INFO - Data ingestion started
[2024-09-26 22:35:24,712] 25 root - INFO - Reading data frame
[2024-09-26 22:35:25,421] 28 root - INFO - Raw dataset is saved in artifact folder
[2024-09-26 22:35:25,442] 30 root - INFO - Train test split is completed
[2024-09-26 22:35:26,141] 33 root - INFO - Data ingestion part completed
[2024-09-26 22:35:26,285] 67 root - INFO - Reading train and test data completed
[2024-09-26 22:35:26,289] 68 root - INFO - Train Dataframe Head: 
       id  carat      cut color clarity  depth  table     x     y     z  price
0  159644   0.57    Ideal     I     VS2   61.7   57.0  5.32  5.35  3.30   1384
1  183763   1.02  Premium     F     SI1   62.4   58.0  6.43  6.36  3.99   4838
2   74165   0.90  Premium     H     SI1   62.2   58.0  6.13  6.08  3.80   3380
3    2810   1.02  Premium     G    VVS1   62.5   58.0  6.40  6.36  3.99   7982
4  153408   0.78    Ideal     D     SI1   62.1   55.0  5.87  5.90  3.66   3504
[2024-09-26 22:35:26,291] 69 root - INFO - Test Dataframe Head: 
       id  carat    cut color clarity  depth  table     x     y     z  price
0  157861   0.32  Ideal     H    VVS2   62.0   56.0  4.41  4.38  2.72    828
1  183390   0.70  Ideal     H    VVS1   62.5   54.0  5.69  5.72  3.56   3300
2  151956   0.77  Ideal     D     SI2   61.9   54.0  5.86  5.88  3.63   2667
3   22568   1.72  Ideal     H     SI1   62.8   57.0  7.63  7.69  4.81  12531
4   49352   0.31  Ideal     E    VVS1   62.1   55.0  4.35  4.39  2.72    979
[2024-09-26 22:35:26,291] 25 root - INFO - Data transformation initiated
[2024-09-26 22:35:26,291] 34 root - INFO - Pipeline initiated
[2024-09-26 22:35:26,492] 85 root - INFO - Applying preprocessing object on training and testing datasets
[2024-09-26 22:35:26,500] 95 root - INFO - Preprocessing pickle file saved
[2024-09-26 22:35:26,504] 23 root - INFO - Splitting dependent and independent variables from train and test data
[2024-09-26 22:35:27,000] 41 root - INFO - Model Report : {'LinearRegression': 1.0, 'Lasso': 2.6433176635186503e-13, 'Ridge': 0.9999999906906234, 'ElasticNet': 0.611152762901366}
[2024-09-26 22:35:27,001] 54 root - INFO - Best model is found, Model Name : LinearRegression, R2 Score : 1.0
