[2024-09-26 22:31:51,351] 22 root - INFO - Data ingestion started
[2024-09-26 22:31:51,466] 25 root - INFO - Reading data frame
[2024-09-26 22:31:52,171] 28 root - INFO - Raw dataset is saved in artifact folder
[2024-09-26 22:31:52,192] 30 root - INFO - Train test split is completed
[2024-09-26 22:31:52,906] 33 root - INFO - Data ingestion part completed
[2024-09-26 22:31:53,060] 67 root - INFO - Reading train and test data completed
[2024-09-26 22:31:53,064] 68 root - INFO - Train Dataframe Head: 
       id  carat      cut color clarity  depth  table     x     y     z  price
0  137460   0.31     Good     E     SI1   63.1   57.0  4.29  4.33  2.72    544
1  125602   0.80  Premium     F     SI1   59.9   59.0  6.03  5.98  3.59   3115
2   47821   0.27    Ideal     H     VS1   62.0   56.0  4.14  4.17  2.58    448
3   54992   0.83    Ideal     E     SI2   62.4   57.0  6.02  6.06  3.77   2733
4  181523   1.47  Premium     I     SI2   62.6   58.0  7.11  7.15  4.46   6545
[2024-09-26 22:31:53,066] 69 root - INFO - Test Dataframe Head: 
       id  carat        cut color clarity  depth  table     x     y     z  price
0  119198   0.90  Very Good     D     VS2   63.4   58.0  6.16  6.12  3.89   4530
1    7447   0.53      Ideal     E     VS2   62.5   55.0  5.16  5.17  3.23   1708
2   21686   1.27    Premium     G     SI2   61.9   58.0  6.92  6.88  4.28   6409
3  103356   0.32      Ideal     E     VS2   62.4   56.0  4.41  4.44  2.76    702
4   72142   0.74  Very Good     I     SI1   62.3   56.0  5.80  5.77  3.60   2149
[2024-09-26 22:31:53,067] 25 root - INFO - Data transformation initiated
[2024-09-26 22:31:53,067] 34 root - INFO - Pipeline initiated
[2024-09-26 22:31:53,266] 85 root - INFO - Applying preprocessing object on training and testing datasets
[2024-09-26 22:31:53,273] 103 root - INFO - Exception occurred in initialize_data_transformation
